<?xml version="1.0" encoding="UTF-8"?>
<!-- Generated by org.testng.reporters.JUnitXMLReporter -->
<testsuite ignored="0" hostname="LAPTOP-378UMBO7" failures="0" tests="3" name="Default test" time="1.509" errors="0" timestamp="2026-05-03T15:14:38 IST">
  <testcase classname="DataProviderAndExcelData.excelDataDriven.dataProvider" name="testCasedata" time="0.013"/>
  <testcase classname="DataProviderAndExcelData.excelDataDriven.dataProvider" name="testCasedata" time="0.002"/>
  <testcase classname="DataProviderAndExcelData.excelDataDriven.dataProvider" name="testCasedata" time="0.002"/>
</testsuite> <!-- Default test -->
