<?xml version="1.0" encoding="UTF-8"?>
<testng-results ignored="0" total="3" passed="3" failed="0" skipped="0">
  <reporter-output>
  </reporter-output>
  <suite started-at="2026-05-03T15:14:37 IST" name="Default suite" finished-at="2026-05-03T15:14:38 IST" duration-ms="1509">
    <groups>
    </groups>
    <test started-at="2026-05-03T15:14:37 IST" name="Default test" finished-at="2026-05-03T15:14:38 IST" duration-ms="1509">
      <class name="DataProviderAndExcelData.excelDataDriven.dataProvider">
        <test-method signature="testCasedata(java.lang.String,java.lang.String,java.lang.String)[pri:0, instance:DataProviderAndExcelData.excelDataDriven.dataProvider@5119fb47]" started-at="2026-05-03T15:14:38 IST" name="testCasedata" data-provider="diverTest" finished-at="2026-05-03T15:14:38 IST" duration-ms="13" status="PASS">
          <params>
            <param index="0">
              <value>
                <![CDATA[hello]]>
              </value>
            </param>
            <param index="1">
              <value>
                <![CDATA[text]]>
              </value>
            </param>
            <param index="2">
              <value>
                <![CDATA[5678]]>
              </value>
            </param>
          </params>
          <reporter-output>
          </reporter-output>
        </test-method> <!-- testCasedata -->
        <test-method signature="testCasedata(java.lang.String,java.lang.String,java.lang.String)[pri:0, instance:DataProviderAndExcelData.excelDataDriven.dataProvider@5119fb47]" started-at="2026-05-03T15:14:38 IST" name="testCasedata" data-provider="diverTest" finished-at="2026-05-03T15:14:38 IST" duration-ms="2" status="PASS">
          <params>
            <param index="0">
              <value>
                <![CDATA[bye]]>
              </value>
            </param>
            <param index="1">
              <value>
                <![CDATA[skype]]>
              </value>
            </param>
            <param index="2">
              <value>
                <![CDATA[3455]]>
              </value>
            </param>
          </params>
          <reporter-output>
          </reporter-output>
        </test-method> <!-- testCasedata -->
        <test-method signature="testCasedata(java.lang.String,java.lang.String,java.lang.String)[pri:0, instance:DataProviderAndExcelData.excelDataDriven.dataProvider@5119fb47]" started-at="2026-05-03T15:14:38 IST" name="testCasedata" data-provider="diverTest" finished-at="2026-05-03T15:14:38 IST" duration-ms="2" status="PASS">
          <params>
            <param index="0">
              <value>
                <![CDATA[solo]]>
              </value>
            </param>
            <param index="1">
              <value>
                <![CDATA[call]]>
              </value>
            </param>
            <param index="2">
              <value>
                <![CDATA[5678]]>
              </value>
            </param>
          </params>
          <reporter-output>
          </reporter-output>
        </test-method> <!-- testCasedata -->
      </class> <!-- DataProviderAndExcelData.excelDataDriven.dataProvider -->
    </test> <!-- Default test -->
  </suite> <!-- Default suite -->
</testng-results>
