<?xml version="1.0" encoding="UTF-8"?>
<!-- Generated by org.testng.reporters.JUnitReportReporter -->
<testsuite hostname="LAPTOP-378UMBO7" failures="0" tests="3" name="DataProviderAndExcelData.excelDataDriven.dataProvider" time="0.017" errors="0" timestamp="2026-05-03T15:14:39 IST" skipped="0">
  <testcase classname="DataProviderAndExcelData.excelDataDriven.dataProvider" name="testCasedata" time="0.002"/>
  <testcase classname="DataProviderAndExcelData.excelDataDriven.dataProvider" name="testCasedata" time="0.013"/>
  <testcase classname="DataProviderAndExcelData.excelDataDriven.dataProvider" name="testCasedata" time="0.002"/>
</testsuite> <!-- DataProviderAndExcelData.excelDataDriven.dataProvider -->
